<?xml version="1.0" encoding="UTF-8"?>
<Site BuildName="Linux-g++"
	BuildStamp="20241119-0147-Experimental"
	Name="Dicktop"
	Generator="ctest-3.25.1"
	CompilerName="/usr/bin/g++"
	CompilerVersion="12.2.0"
	OSName="Linux"
	Hostname="Dicktop"
	OSRelease="6.1.0-27-amd64"
	OSVersion="#1 SMP PREEMPT_DYNAMIC Debian 6.1.115-1 (2024-11-01)"
	OSPlatform="x86_64"
	Is64Bits="1"
	VendorString="AuthenticAMD"
	VendorID="Advanced Micro Devices"
	FamilyID="25"
	ModelID="80"
	ProcessorCacheSize="512"
	NumberOfLogicalCPU="12"
	NumberOfPhysicalCPU="6"
	TotalVirtualMemory="975"
	TotalPhysicalMemory="13824"
	LogicalProcessorsPerPhysical="2"
	ProcessorClockFrequency="3940.8"
	>
	<Testing>
		<StartDateTime>Nov 19 11:51 CET</StartDateTime>
		<StartTestTime>1732013513</StartTestTime>
		<TestList/>
		<EndDateTime>Nov 19 11:51 CET</EndDateTime>
		<EndTestTime>1732013513</EndTestTime>
		<ElapsedMinutes>0</ElapsedMinutes>
	</Testing>
</Site>
